{"level":"info","message":"URL:http://www.generali.AD statusCode: 200","timestamp":"2016-03-15T07:28:53.158Z"}
{"level":"info","message":"URL:http://www.generali.BAYERN statusCode: 200","timestamp":"2016-03-15T07:28:57.470Z"}
{"level":"info","message":"URL:http://www.generali.BERLIN statusCode: 200","timestamp":"2016-03-15T07:28:57.969Z"}
{"level":"info","message":"URL:http://www.generali.AT statusCode: 200","timestamp":"2016-03-15T07:28:58.347Z"}
{"level":"info","message":"URL:http://www.generali.BE statusCode: 200","timestamp":"2016-03-15T07:29:00.473Z"}
{"level":"info","message":"URL:http://www.generali.BG statusCode: 200","timestamp":"2016-03-15T07:29:03.282Z"}
{"level":"info","message":"URL:http://www.generali.BF statusCode: 200","timestamp":"2016-03-15T07:29:05.078Z"}
{"level":"info","message":"URL:http://www.generali.CA statusCode: 200","timestamp":"2016-03-15T07:29:05.408Z"}
{"level":"info","message":"URL:http://www.generali.CC statusCode: 200","timestamp":"2016-03-15T07:29:07.176Z"}
{"level":"info","message":"URL:http://www.generali.CAT statusCode: 200","timestamp":"2016-03-15T07:29:07.925Z"}
{"level":"info","message":"URL:http://www.generali.CO statusCode: 200","timestamp":"2016-03-15T07:29:09.690Z"}
{"level":"info","message":"URL:http://www.generali.CH statusCode: 200","timestamp":"2016-03-15T07:29:12.857Z"}
{"level":"info","message":"URL:http://www.generali.CLUB statusCode: 200","timestamp":"2016-03-15T07:29:12.872Z"}
{"level":"info","message":"URL:http://www.generali.DK statusCode: 200","timestamp":"2016-03-15T07:29:13.776Z"}
{"level":"info","message":"URL:http://www.generali.EMAIL statusCode: 200","timestamp":"2016-03-15T07:29:15.670Z"}
{"level":"info","message":"URL:http://www.generali.EU statusCode: 200","timestamp":"2016-03-15T07:29:15.838Z"}
{"level":"info","message":"URL:http://www.generali.COM statusCode: 200","timestamp":"2016-03-15T07:29:16.360Z"}
{"level":"info","message":"URL:http://www.generali.ES statusCode: 200","timestamp":"2016-03-15T07:29:16.966Z"}
{"level":"info","message":"URL:http://www.generali.CZ statusCode: 200","timestamp":"2016-03-15T07:29:19.080Z"}
{"level":"info","message":"URL:http://www.generali.DE statusCode: 200","timestamp":"2016-03-15T07:29:19.292Z"}
{"level":"info","message":"URL:http://www.generali.GLOBAL statusCode: 200","timestamp":"2016-03-15T07:29:19.783Z"}
{"level":"info","message":"URL:http://www.generali.FR statusCode: 200","timestamp":"2016-03-15T07:29:20.886Z"}
{"level":"info","message":"URL:http://www.generali.GR statusCode: 200","timestamp":"2016-03-15T07:29:24.689Z"}
{"level":"info","message":"URL:http://www.generali.HELP statusCode: 200","timestamp":"2016-03-15T07:29:28.405Z"}
{"level":"info","message":"URL:http://www.generali.HK statusCode: 200","timestamp":"2016-03-15T07:29:29.291Z"}
{"level":"info","message":"URL:http://www.generali.HR statusCode: 200","timestamp":"2016-03-15T07:29:31.765Z"}
{"level":"info","message":"URL:http://www.generali.HU statusCode: 200","timestamp":"2016-03-15T07:29:35.054Z"}
{"level":"info","message":"URL:http://www.generali.ID statusCode: 200","timestamp":"2016-03-15T07:29:35.530Z"}
{"level":"info","message":"URL:http://www.generali.IMMO statusCode: 200","timestamp":"2016-03-15T07:29:37.724Z"}
{"level":"info","message":"URL:http://www.generali.IMMOBILIEN statusCode: 200","timestamp":"2016-03-15T07:29:38.817Z"}
{"level":"info","message":"URL:http://www.generali.IN statusCode: 200","timestamp":"2016-03-15T07:29:39.196Z"}
{"level":"info","message":"URL:http://www.generali.INFINITI statusCode: 200","timestamp":"2016-03-15T07:29:43.610Z"}
{"level":"info","message":"URL:http://www.generali.INFO statusCode: 200","timestamp":"2016-03-15T07:29:44.135Z"}
{"level":"info","message":"URL:http://www.generali.INT statusCode: 200","timestamp":"2016-03-15T07:29:53.850Z"}
{"level":"info","message":"URL:http://www.generali.IR statusCode: 200","timestamp":"2016-03-15T07:29:59.459Z"}
{"level":"info","message":"URL:http://www.generali.IT statusCode: 200","timestamp":"2016-03-15T07:30:02.959Z"}
{"level":"info","message":"URL:http://www.generali.KOELN statusCode: 200","timestamp":"2016-03-15T07:30:18.818Z"}
{"level":"info","message":"URL:http://www.generali.KZ statusCode: 200","timestamp":"2016-03-15T07:30:30.715Z"}
{"level":"info","message":"URL:http://www.generali.GROUP statusCode: 200","timestamp":"2016-03-15T07:30:32.654Z"}
{"level":"info","message":"URL:http://www.generali.LI statusCode: 200","timestamp":"2016-03-15T07:30:42.813Z"}
{"level":"info","message":"URL:http://www.generali.LOTTE statusCode: 200","timestamp":"2016-03-15T07:30:46.279Z"}
{"level":"info","message":"URL:http://www.generali.LT statusCode: 200","timestamp":"2016-03-15T07:30:47.225Z"}
{"level":"info","message":"URL:http://www.generali.LOTTO statusCode: 200","timestamp":"2016-03-15T07:30:48.350Z"}
{"level":"info","message":"URL:http://www.generali.LU statusCode: 200","timestamp":"2016-03-15T07:30:49.198Z"}
{"level":"info","message":"URL:http://www.generali.LV statusCode: 200","timestamp":"2016-03-15T07:30:50.817Z"}
{"level":"info","message":"URL:http://www.generali.ME statusCode: 200","timestamp":"2016-03-15T07:30:54.603Z"}
{"level":"info","message":"URL:http://www.generali.MD statusCode: 200","timestamp":"2016-03-15T07:30:54.947Z"}
{"level":"info","message":"URL:http://www.generali.MOBI statusCode: 200","timestamp":"2016-03-15T07:31:04.860Z"}
{"level":"info","message":"URL:http://www.generali.MINI statusCode: 200","timestamp":"2016-03-15T07:31:10.974Z"}
{"level":"info","message":"URL:http://www.generali.NL statusCode: 200","timestamp":"2016-03-15T07:31:50.145Z"}
{"level":"info","message":"URL:http://www.generali.NO statusCode: 200","timestamp":"2016-03-15T07:31:52.089Z"}
{"level":"info","message":"URL:http://www.generali.ONLINE statusCode: 200","timestamp":"2016-03-15T07:31:56.507Z"}
{"level":"info","message":"URL:http://www.generali.ORG statusCode: 200","timestamp":"2016-03-15T07:31:58.151Z"}
{"level":"info","message":"URL:http://www.generali.PH statusCode: 200","timestamp":"2016-03-15T07:35:26.980Z"}
{"level":"info","message":"URL:http://www.generali.PRO statusCode: 200","timestamp":"2016-03-15T07:35:32.074Z"}
{"level":"info","message":"URL:http://www.generali.PT statusCode: 200","timestamp":"2016-03-15T07:35:34.928Z"}
{"level":"info","message":"URL:http://www.generali.PL statusCode: 200","timestamp":"2016-03-15T07:35:35.351Z"}
{"level":"info","message":"URL:http://www.generali.REALTOR statusCode: 200","timestamp":"2016-03-15T07:35:36.998Z"}
{"level":"info","message":"URL:http://www.generali.RS statusCode: 200","timestamp":"2016-03-15T07:35:54.593Z"}
{"level":"info","message":"URL:http://www.generali.RUHR statusCode: 200","timestamp":"2016-03-15T07:35:56.029Z"}
{"level":"info","message":"URL:http://www.generali.SE statusCode: 200","timestamp":"2016-03-15T07:36:01.575Z"}
{"level":"info","message":"URL:http://www.generali.SK statusCode: 200","timestamp":"2016-03-15T07:36:07.778Z"}
{"level":"info","message":"URL:http://www.generali.SI statusCode: 200","timestamp":"2016-03-15T07:36:07.841Z"}
{"level":"info","message":"URL:http://www.generali.SONG statusCode: 200","timestamp":"2016-03-15T07:36:16.736Z"}
{"level":"info","message":"URL:http://www.generali.TAIPEI statusCode: 200","timestamp":"2016-03-15T07:37:09.415Z"}
{"level":"info","message":"URL:http://www.generali.TEL statusCode: 200","timestamp":"2016-03-15T07:37:13.974Z"}
{"level":"info","message":"URL:http://www.generali.TIPS statusCode: 200","timestamp":"2016-03-15T07:37:22.609Z"}
{"level":"info","message":"URL:http://www.generali.TIROL statusCode: 200","timestamp":"2016-03-15T07:37:24.820Z"}
{"level":"info","message":"URL:http://www.generali.TK statusCode: 200","timestamp":"2016-03-15T07:37:26.332Z"}
{"level":"info","message":"URL:http://www.generali.TN statusCode: 200","timestamp":"2016-03-15T07:37:31.914Z"}
{"level":"info","message":"URL:http://www.generali.US statusCode: 200","timestamp":"2016-03-15T07:38:09.485Z"}
{"level":"info","message":"URL:http://www.generali.VOTING statusCode: 200","timestamp":"2016-03-15T07:38:36.017Z"}
{"level":"info","message":"URL:http://www.generali.WANG statusCode: 200","timestamp":"2016-03-15T07:38:49.101Z"}
{"level":"info","message":"URL:http://www.generali.VISION statusCode: 200","timestamp":"2016-03-15T07:38:50.297Z"}
{"level":"info","message":"URL:http://www.generali.WORK statusCode: 200","timestamp":"2016-03-15T07:39:01.387Z"}
{"level":"info","message":"URL:http://www.generali.WS statusCode: 200","timestamp":"2016-03-15T07:39:02.080Z"}
{"level":"info","message":"URL:http://www.generali.XN--3BST00M statusCode: 200","timestamp":"2016-03-15T07:39:22.032Z"}
{"level":"info","message":"URL:http://www.generali.XN--6FRZ82G statusCode: 200","timestamp":"2016-03-15T07:39:30.290Z"}
{"level":"info","message":"URL:http://www.generali.XN--CZR694B statusCode: 200","timestamp":"2016-03-15T07:39:46.564Z"}
{"level":"info","message":"URL:http://www.generali.XN--FIQS8S statusCode: 200","timestamp":"2016-03-15T07:39:51.316Z"}
{"level":"info","message":"URL:http://www.generali.XN--FIQZ9S statusCode: 200","timestamp":"2016-03-15T07:39:51.318Z"}
{"level":"info","message":"URL:http://www.generali.XN--KCRX77D1X4A statusCode: 200","timestamp":"2016-03-15T07:40:12.948Z"}
{"level":"info","message":"URL:http://www.generali.XN--L1ACC statusCode: 200","timestamp":"2016-03-15T07:40:14.504Z"}
{"level":"info","message":"URL:http://www.generali.XN--NYQY26A statusCode: 200","timestamp":"2016-03-15T07:40:21.707Z"}
{"level":"info","message":"URL:http://www.generali.XN--PSSY2U statusCode: 200","timestamp":"2016-03-15T07:40:23.097Z"}
{"level":"info","message":"URL:http://www.generali.XXX statusCode: 200","timestamp":"2016-03-15T07:40:34.477Z"}
{"level":"info","message":"URL:http://www.generali.ZIP statusCode: 200","timestamp":"2016-03-15T07:40:38.054Z"}
