{"level":"info","message":"URL:http://www.generali.AAA statusCode: 504","timestamp":"2016-03-15T07:09:55.971Z"}
{"level":"info","message":"URL:http://www.generali.AARP statusCode: 504","timestamp":"2016-03-15T07:09:55.980Z"}
{"level":"info","message":"URL:http://www.generali.ABB statusCode: 504","timestamp":"2016-03-15T07:09:55.983Z"}
{"level":"info","message":"URL:http://www.generali.ABBOTT statusCode: 504","timestamp":"2016-03-15T07:09:55.987Z"}
{"level":"info","message":"URL:http://www.generali.ABOGADO statusCode: 504","timestamp":"2016-03-15T07:09:55.990Z"}
{"level":"info","message":"URL:http://www.generali.AC statusCode: 504","timestamp":"2016-03-15T07:09:55.993Z"}
{"level":"info","message":"URL:http://www.generali.ACADEMY statusCode: 504","timestamp":"2016-03-15T07:09:55.997Z"}
{"level":"info","message":"URL:http://www.generali.ACCENTURE statusCode: 504","timestamp":"2016-03-15T07:09:56.001Z"}
{"level":"info","message":"URL:http://www.generali.ACCOUNTANT statusCode: 504","timestamp":"2016-03-15T07:09:56.004Z"}
{"level":"info","message":"URL:http://www.generali.ACCOUNTANTS statusCode: 504","timestamp":"2016-03-15T07:09:56.007Z"}
{"level":"info","message":"URL:http://www.generali.ACO statusCode: 504","timestamp":"2016-03-15T07:09:56.011Z"}
{"level":"info","message":"URL:http://www.generali.ACTIVE statusCode: 504","timestamp":"2016-03-15T07:09:56.014Z"}
{"level":"info","message":"URL:http://www.generali.ACTOR statusCode: 504","timestamp":"2016-03-15T07:09:56.018Z"}
{"level":"info","message":"URL:http://www.generali.AD statusCode: 200","timestamp":"2016-03-15T07:09:57.559Z"}
{"level":"info","message":"URL:http://www.generali.ADAC statusCode: 502","timestamp":"2016-03-15T07:09:57.588Z"}
{"level":"info","message":"URL:http://www.generali.ADS statusCode: 502","timestamp":"2016-03-15T07:09:57.618Z"}
{"level":"info","message":"URL:http://www.generali.ADULT statusCode: 504","timestamp":"2016-03-15T07:09:57.623Z"}
{"level":"info","message":"URL:http://www.generali.AE statusCode: 504","timestamp":"2016-03-15T07:09:57.627Z"}
{"level":"info","message":"URL:http://www.generali.AEG statusCode: 504","timestamp":"2016-03-15T07:09:57.631Z"}
{"level":"info","message":"URL:http://www.generali.AERO statusCode: 504","timestamp":"2016-03-15T07:09:57.636Z"}
{"level":"info","message":"URL:http://www.generali.AF statusCode: 504","timestamp":"2016-03-15T07:09:57.647Z"}
{"level":"info","message":"URL:http://www.generali.AFL statusCode: 504","timestamp":"2016-03-15T07:09:57.652Z"}
{"level":"info","message":"URL:http://www.generali.AGENCY statusCode: 504","timestamp":"2016-03-15T07:10:24.724Z"}
{"level":"info","message":"URL:http://www.generali.AI statusCode: 504","timestamp":"2016-03-15T07:10:25.076Z"}
{"level":"info","message":"URL:http://www.generali.AIG statusCode: 504","timestamp":"2016-03-15T07:10:25.693Z"}
{"level":"info","message":"URL:http://www.generali.AIRFORCE statusCode: 504","timestamp":"2016-03-15T07:10:25.889Z"}
{"level":"info","message":"URL:http://www.generali.AIRTEL statusCode: 504","timestamp":"2016-03-15T07:10:26.017Z"}
{"level":"info","message":"URL:http://www.generali.AL statusCode: 504","timestamp":"2016-03-15T07:10:26.421Z"}
{"level":"info","message":"URL:http://www.generali.ALIBABA statusCode: 502","timestamp":"2016-03-15T07:10:26.455Z"}
{"level":"info","message":"URL:http://www.generali.ALIPAY statusCode: 502","timestamp":"2016-03-15T07:10:26.497Z"}
{"level":"info","message":"URL:http://www.generali.ALLFINANZ statusCode: 504","timestamp":"2016-03-15T07:10:26.618Z"}
{"level":"info","message":"URL:http://www.generali.ALSACE statusCode: 504","timestamp":"2016-03-15T07:10:26.724Z"}
{"level":"info","message":"URL:http://www.generali.AM statusCode: 504","timestamp":"2016-03-15T07:10:26.838Z"}
{"level":"info","message":"URL:http://www.generali.AMICA statusCode: 504","timestamp":"2016-03-15T07:10:26.979Z"}
{"level":"info","message":"URL:http://www.generali.AMSTERDAM statusCode: 504","timestamp":"2016-03-15T07:10:27.489Z"}
{"level":"info","message":"URL:http://www.generali.ANALYTICS statusCode: 502","timestamp":"2016-03-15T07:10:27.530Z"}
{"level":"info","message":"URL:http://www.generali.ANDROID statusCode: 502","timestamp":"2016-03-15T07:10:27.569Z"}
{"level":"info","message":"URL:http://www.generali.AO statusCode: 504","timestamp":"2016-03-15T07:10:28.021Z"}
{"level":"info","message":"URL:http://www.generali.APARTMENTS statusCode: 200","timestamp":"2016-03-15T07:10:35.122Z"}
{"level":"info","message":"URL:http://www.generali.APP statusCode: 502","timestamp":"2016-03-15T07:10:35.159Z"}
{"level":"info","message":"URL:http://www.generali.APPLE statusCode: 504","timestamp":"2016-03-15T07:10:35.272Z"}
{"level":"info","message":"URL:http://www.generali.AQ statusCode: 504","timestamp":"2016-03-15T07:10:35.653Z"}
{"level":"info","message":"URL:http://www.generali.AQUARELLE statusCode: 200","timestamp":"2016-03-15T07:11:48.382Z"}
{"level":"info","message":"URL:http://www.generali.AR statusCode: 504","timestamp":"2016-03-15T07:11:50.527Z"}
{"level":"info","message":"URL:http://www.generali.ARAMCO statusCode: 504","timestamp":"2016-03-15T07:11:50.626Z"}
{"level":"info","message":"URL:http://www.generali.ARCHI statusCode: 504","timestamp":"2016-03-15T07:11:50.729Z"}
{"level":"info","message":"URL:http://www.generali.ARMY statusCode: 504","timestamp":"2016-03-15T07:11:51.007Z"}
{"level":"info","message":"URL:http://www.generali.ARPA statusCode: 504","timestamp":"2016-03-15T07:11:51.337Z"}
{"level":"info","message":"URL:http://www.generali.ARTE statusCode: 504","timestamp":"2016-03-15T07:11:51.489Z"}
{"level":"info","message":"URL:http://www.generali.AS statusCode: 504","timestamp":"2016-03-15T07:11:51.598Z"}
{"level":"info","message":"URL:http://www.generali.ASIA statusCode: 504","timestamp":"2016-03-15T07:11:52.050Z"}
{"level":"info","message":"URL:http://www.generali.ASSOCIATES statusCode: 504","timestamp":"2016-03-15T07:11:52.236Z"}
{"level":"info","message":"URL:http://www.generali.AT statusCode: 200","timestamp":"2016-03-15T07:11:58.035Z"}
{"level":"info","message":"URL:http://www.generali.ATTORNEY statusCode: 504","timestamp":"2016-03-15T07:11:58.230Z"}
{"level":"info","message":"URL:http://www.generali.AU statusCode: 504","timestamp":"2016-03-15T07:11:58.403Z"}
{"level":"info","message":"URL:http://www.generali.AUCTION statusCode: 504","timestamp":"2016-03-15T07:11:58.599Z"}
{"level":"info","message":"URL:http://www.generali.AUDI statusCode: 504","timestamp":"2016-03-15T07:11:59.014Z"}
{"level":"info","message":"URL:http://www.generali.AUDIO statusCode: 504","timestamp":"2016-03-15T07:11:59.420Z"}
{"level":"info","message":"URL:http://www.generali.AUTHOR statusCode: 504","timestamp":"2016-03-15T07:11:59.593Z"}
{"level":"info","message":"URL:http://www.generali.AUTO statusCode: 504","timestamp":"2016-03-15T07:11:59.993Z"}
{"level":"info","message":"URL:http://www.generali.AUTOS statusCode: 504","timestamp":"2016-03-15T07:12:00.476Z"}
{"level":"info","message":"URL:http://www.generali.AVIANCA statusCode: 502","timestamp":"2016-03-15T07:12:00.547Z"}
{"level":"info","message":"URL:http://www.generali.AW statusCode: 504","timestamp":"2016-03-15T07:12:00.961Z"}
{"level":"info","message":"URL:http://www.generali.AX statusCode: 504","timestamp":"2016-03-15T07:12:01.379Z"}
{"level":"info","message":"URL:http://www.generali.AXA statusCode: 504","timestamp":"2016-03-15T07:12:01.485Z"}
{"level":"info","message":"URL:http://www.generali.AZ statusCode: 504","timestamp":"2016-03-15T07:12:01.930Z"}
{"level":"info","message":"URL:http://www.generali.AZURE statusCode: 504","timestamp":"2016-03-15T07:12:02.249Z"}
{"level":"info","message":"URL:http://www.generali.BA statusCode: 504","timestamp":"2016-03-15T07:12:02.715Z"}
{"level":"info","message":"URL:http://www.generali.BAIDU statusCode: 502","timestamp":"2016-03-15T07:12:02.807Z"}
{"level":"info","message":"URL:http://www.generali.BAND statusCode: 504","timestamp":"2016-03-15T07:12:02.997Z"}
{"level":"info","message":"URL:http://www.generali.BANK statusCode: 504","timestamp":"2016-03-15T07:12:03.131Z"}
{"level":"info","message":"URL:http://www.generali.BAR statusCode: 504","timestamp":"2016-03-15T07:12:03.243Z"}
{"level":"info","message":"URL:http://www.generali.BARCELONA statusCode: 504","timestamp":"2016-03-15T07:12:03.486Z"}
{"level":"info","message":"URL:http://www.generali.BARCLAYCARD statusCode: 504","timestamp":"2016-03-15T07:12:03.803Z"}
{"level":"info","message":"URL:http://www.generali.BARCLAYS statusCode: 504","timestamp":"2016-03-15T07:12:04.106Z"}
{"level":"info","message":"URL:http://www.generali.BARGAINS statusCode: 504","timestamp":"2016-03-15T07:12:04.312Z"}
{"level":"info","message":"URL:http://www.generali.BAUHAUS statusCode: 504","timestamp":"2016-03-15T07:12:04.649Z"}
{"level":"info","message":"URL:http://www.generali.BAYERN statusCode: 200","timestamp":"2016-03-15T07:12:05.111Z"}
{"level":"info","message":"URL:http://www.generali.BB statusCode: 504","timestamp":"2016-03-15T07:12:05.488Z"}
{"level":"info","message":"URL:http://www.generali.BBC statusCode: 504","timestamp":"2016-03-15T07:12:05.660Z"}
{"level":"info","message":"URL:http://www.generali.BBVA statusCode: 504","timestamp":"2016-03-15T07:12:06.109Z"}
{"level":"info","message":"URL:http://www.generali.BCG statusCode: 502","timestamp":"2016-03-15T07:12:06.146Z"}
{"level":"info","message":"URL:http://www.generali.BCN statusCode: 504","timestamp":"2016-03-15T07:12:06.542Z"}
{"level":"info","message":"URL:http://www.generali.BD statusCode: 504","timestamp":"2016-03-15T07:12:06.746Z"}
{"level":"info","message":"URL:http://www.generali.BE statusCode: 200","timestamp":"2016-03-15T07:12:08.756Z"}
{"level":"info","message":"URL:http://www.generali.BEATS statusCode: 504","timestamp":"2016-03-15T07:12:09.305Z"}
{"level":"info","message":"URL:http://www.generali.BEER statusCode: 504","timestamp":"2016-03-15T07:12:09.433Z"}
{"level":"info","message":"URL:http://www.generali.BENTLEY statusCode: 504","timestamp":"2016-03-15T07:12:09.824Z"}
{"level":"info","message":"URL:http://www.generali.BERLIN statusCode: 200","timestamp":"2016-03-15T07:12:09.882Z"}
{"level":"info","message":"URL:http://www.generali.BEST statusCode: 504","timestamp":"2016-03-15T07:12:09.995Z"}
{"level":"info","message":"URL:http://www.generali.BET statusCode: 504","timestamp":"2016-03-15T07:12:10.146Z"}
{"level":"info","message":"URL:http://www.generali.BF statusCode: 504","timestamp":"2016-03-15T07:12:10.296Z"}
{"level":"info","message":"URL:http://www.generali.BG statusCode: 200","timestamp":"2016-03-15T07:12:13.870Z"}
{"level":"info","message":"URL:http://www.generali.BH statusCode: 504","timestamp":"2016-03-15T07:12:14.444Z"}
{"level":"info","message":"URL:http://www.generali.BHARTI statusCode: 504","timestamp":"2016-03-15T07:12:14.629Z"}
{"level":"info","message":"URL:http://www.generali.BI statusCode: 504","timestamp":"2016-03-15T07:12:14.728Z"}
{"level":"info","message":"URL:http://www.generali.BIBLE statusCode: 504","timestamp":"2016-03-15T07:12:14.869Z"}
{"level":"info","message":"URL:http://www.generali.BID statusCode: 504","timestamp":"2016-03-15T07:12:14.978Z"}
{"level":"info","message":"URL:http://www.generali.BIKE statusCode: 504","timestamp":"2016-03-15T07:12:15.280Z"}
{"level":"info","message":"URL:http://www.generali.BING statusCode: 504","timestamp":"2016-03-15T07:12:15.387Z"}
{"level":"info","message":"URL:http://www.generali.BINGO statusCode: 504","timestamp":"2016-03-15T07:12:15.790Z"}
{"level":"info","message":"URL:http://www.generali.BIO statusCode: 504","timestamp":"2016-03-15T07:12:15.938Z"}
{"level":"info","message":"URL:http://www.generali.BJ statusCode: 504","timestamp":"2016-03-15T07:12:25.341Z"}
{"level":"info","message":"URL:http://www.generali.BLACK statusCode: 504","timestamp":"2016-03-15T07:12:25.447Z"}
{"level":"info","message":"URL:http://www.generali.BLACKFRIDAY statusCode: 504","timestamp":"2016-03-15T07:12:25.753Z"}
{"level":"info","message":"URL:http://www.generali.BLOOMBERG statusCode: 504","timestamp":"2016-03-15T07:12:25.894Z"}
{"level":"info","message":"URL:http://www.generali.BLUE statusCode: 504","timestamp":"2016-03-15T07:12:26.060Z"}
{"level":"info","message":"URL:http://www.generali.BM statusCode: 504","timestamp":"2016-03-15T07:12:26.361Z"}
{"level":"info","message":"URL:http://www.generali.BMS statusCode: 504","timestamp":"2016-03-15T07:12:26.488Z"}
{"level":"info","message":"URL:http://www.generali.BMW statusCode: 504","timestamp":"2016-03-15T07:12:26.608Z"}
{"level":"info","message":"URL:http://www.generali.BN statusCode: 504","timestamp":"2016-03-15T07:12:26.714Z"}
{"level":"info","message":"URL:http://www.generali.BNL statusCode: 504","timestamp":"2016-03-15T07:12:27.136Z"}
{"level":"info","message":"URL:http://www.generali.BNPPARIBAS statusCode: 504","timestamp":"2016-03-15T07:12:27.276Z"}
{"level":"info","message":"URL:http://www.generali.BO statusCode: 504","timestamp":"2016-03-15T07:12:27.379Z"}
{"level":"info","message":"URL:http://www.generali.BOATS statusCode: 504","timestamp":"2016-03-15T07:12:28.582Z"}
{"level":"info","message":"URL:http://www.generali.BOEHRINGER statusCode: 504","timestamp":"2016-03-15T07:12:28.946Z"}
{"level":"info","message":"URL:http://www.generali.BOM statusCode: 504","timestamp":"2016-03-15T07:12:29.401Z"}
{"level":"info","message":"URL:http://www.generali.BOND statusCode: 504","timestamp":"2016-03-15T07:12:30.813Z"}
{"level":"info","message":"URL:http://www.generali.BOO statusCode: 502","timestamp":"2016-03-15T07:12:30.861Z"}
{"level":"info","message":"URL:http://www.generali.BOOK statusCode: 504","timestamp":"2016-03-15T07:12:31.463Z"}
{"level":"info","message":"URL:http://www.generali.BOOTS statusCode: 504","timestamp":"2016-03-15T07:12:31.659Z"}
{"level":"info","message":"URL:http://www.generali.BOSCH statusCode: 502","timestamp":"2016-03-15T07:12:31.701Z"}
{"level":"info","message":"URL:http://www.generali.BOSTIK statusCode: 504","timestamp":"2016-03-15T07:12:31.903Z"}
{"level":"info","message":"URL:http://www.generali.BOT statusCode: 504","timestamp":"2016-03-15T07:12:32.054Z"}
{"level":"info","message":"URL:http://www.generali.BOUTIQUE statusCode: 504","timestamp":"2016-03-15T07:12:32.242Z"}
{"level":"info","message":"URL:http://www.generali.BR statusCode: 504","timestamp":"2016-03-15T07:12:32.698Z"}
{"level":"info","message":"URL:http://www.generali.BRADESCO statusCode: 504","timestamp":"2016-03-15T07:12:32.796Z"}
{"level":"info","message":"URL:http://www.generali.BRIDGESTONE statusCode: 504","timestamp":"2016-03-15T07:12:32.977Z"}
{"level":"info","message":"URL:http://www.generali.BROADWAY statusCode: 502","timestamp":"2016-03-15T07:12:33.013Z"}
{"level":"info","message":"URL:http://www.generali.BROKER statusCode: 504","timestamp":"2016-03-15T07:12:33.307Z"}
{"level":"info","message":"URL:http://www.generali.BROTHER statusCode: 504","timestamp":"2016-03-15T07:12:33.531Z"}
{"level":"info","message":"URL:http://www.generali.BRUSSELS statusCode: 504","timestamp":"2016-03-15T07:12:33.929Z"}
{"level":"info","message":"URL:http://www.generali.BS statusCode: 504","timestamp":"2016-03-15T07:12:34.067Z"}
{"level":"info","message":"URL:http://www.generali.BT statusCode: 504","timestamp":"2016-03-15T07:12:34.167Z"}
{"level":"info","message":"URL:http://www.generali.BUDAPEST statusCode: 504","timestamp":"2016-03-15T07:12:34.313Z"}
{"level":"info","message":"URL:http://www.generali.BUGATTI statusCode: 504","timestamp":"2016-03-15T07:12:34.738Z"}
{"level":"info","message":"URL:http://www.generali.BUILD statusCode: 504","timestamp":"2016-03-15T07:12:34.952Z"}
{"level":"info","message":"URL:http://www.generali.BUILDERS statusCode: 504","timestamp":"2016-03-15T07:12:35.207Z"}
{"level":"info","message":"URL:http://www.generali.BUSINESS statusCode: 504","timestamp":"2016-03-15T07:12:35.407Z"}
{"level":"info","message":"URL:http://www.generali.BUY statusCode: 502","timestamp":"2016-03-15T07:12:35.449Z"}
{"level":"info","message":"URL:http://www.generali.BUZZ statusCode: 504","timestamp":"2016-03-15T07:12:35.572Z"}
{"level":"info","message":"URL:http://www.generali.BV statusCode: 504","timestamp":"2016-03-15T07:12:36.178Z"}
{"level":"info","message":"URL:http://www.generali.BW statusCode: 504","timestamp":"2016-03-15T07:12:36.287Z"}
{"level":"info","message":"URL:http://www.generali.BY statusCode: 504","timestamp":"2016-03-15T07:12:36.488Z"}
{"level":"info","message":"URL:http://www.generali.BZ statusCode: 504","timestamp":"2016-03-15T07:12:36.582Z"}
{"level":"info","message":"URL:http://www.generali.BZH statusCode: 504","timestamp":"2016-03-15T07:12:36.681Z"}
{"level":"info","message":"URL:http://www.generali.CA statusCode: 200","timestamp":"2016-03-15T07:12:37.455Z"}
{"level":"info","message":"URL:http://www.generali.CAB statusCode: 504","timestamp":"2016-03-15T07:12:37.665Z"}
{"level":"info","message":"URL:http://www.generali.CAFE statusCode: 504","timestamp":"2016-03-15T07:12:37.860Z"}
{"level":"info","message":"URL:http://www.generali.CAL statusCode: 502","timestamp":"2016-03-15T07:12:37.898Z"}
{"level":"info","message":"URL:http://www.generali.CALL statusCode: 504","timestamp":"2016-03-15T07:12:38.044Z"}
{"level":"info","message":"URL:http://www.generali.CAMERA statusCode: 504","timestamp":"2016-03-15T07:12:38.303Z"}
{"level":"info","message":"URL:http://www.generali.CAMP statusCode: 504","timestamp":"2016-03-15T07:12:38.513Z"}
{"level":"info","message":"URL:http://www.generali.CANCERRESEARCH statusCode: 504","timestamp":"2016-03-15T07:12:38.795Z"}
{"level":"info","message":"URL:http://www.generali.CANON statusCode: 504","timestamp":"2016-03-15T07:12:39.290Z"}
{"level":"info","message":"URL:http://www.generali.CAPETOWN statusCode: 504","timestamp":"2016-03-15T07:12:39.471Z"}
{"level":"info","message":"URL:http://www.generali.CAPITAL statusCode: 200","timestamp":"2016-03-15T07:12:45.759Z"}
{"level":"info","message":"URL:http://www.generali.CAR statusCode: 504","timestamp":"2016-03-15T07:12:46.061Z"}
{"level":"info","message":"URL:http://www.generali.CARAVAN statusCode: 504","timestamp":"2016-03-15T07:12:46.375Z"}
{"level":"info","message":"URL:http://www.generali.CARDS statusCode: 504","timestamp":"2016-03-15T07:12:46.566Z"}
{"level":"info","message":"URL:http://www.generali.CARE statusCode: 504","timestamp":"2016-03-15T07:12:46.758Z"}
{"level":"info","message":"URL:http://www.generali.CAREER statusCode: 504","timestamp":"2016-03-15T07:12:46.867Z"}
{"level":"info","message":"URL:http://www.generali.CAREERS statusCode: 504","timestamp":"2016-03-15T07:12:47.060Z"}
{"level":"info","message":"URL:http://www.generali.CARS statusCode: 504","timestamp":"2016-03-15T07:12:47.443Z"}
{"level":"info","message":"URL:http://www.generali.CARTIER statusCode: 504","timestamp":"2016-03-15T07:12:48.032Z"}
{"level":"info","message":"URL:http://www.generali.CASA statusCode: 504","timestamp":"2016-03-15T07:12:48.183Z"}
{"level":"info","message":"URL:http://www.generali.CASH statusCode: 504","timestamp":"2016-03-15T07:12:48.379Z"}
{"level":"info","message":"URL:http://www.generali.CASINO statusCode: 504","timestamp":"2016-03-15T07:12:48.600Z"}
{"level":"info","message":"URL:http://www.generali.CAT statusCode: 200","timestamp":"2016-03-15T07:13:44.111Z"}
{"level":"info","message":"URL:http://www.generali.CATERING statusCode: 504","timestamp":"2016-03-15T07:13:44.298Z"}
{"level":"info","message":"URL:http://www.generali.CBA statusCode: 504","timestamp":"2016-03-15T07:13:44.485Z"}
{"level":"info","message":"URL:http://www.generali.CBN statusCode: 504","timestamp":"2016-03-15T07:13:44.654Z"}
{"level":"info","message":"URL:http://www.generali.CC statusCode: 200","timestamp":"2016-03-15T07:13:45.646Z"}
{"level":"info","message":"URL:http://www.generali.CD statusCode: 200","timestamp":"2016-03-15T07:13:52.904Z"}
{"level":"info","message":"URL:http://www.generali.CEB statusCode: 504","timestamp":"2016-03-15T07:13:53.778Z"}
{"level":"info","message":"URL:http://www.generali.CENTER statusCode: 504","timestamp":"2016-03-15T07:13:54.082Z"}
{"level":"info","message":"URL:http://www.generali.CEO statusCode: 504","timestamp":"2016-03-15T07:13:54.212Z"}
{"level":"info","message":"URL:http://www.generali.CERN statusCode: 504","timestamp":"2016-03-15T07:13:54.562Z"}
{"level":"info","message":"URL:http://www.generali.CF statusCode: 504","timestamp":"2016-03-15T07:13:54.860Z"}
{"level":"info","message":"URL:http://www.generali.CFA statusCode: 504","timestamp":"2016-03-15T07:13:55.037Z"}
{"level":"info","message":"URL:http://www.generali.CFD statusCode: 504","timestamp":"2016-03-15T07:13:55.144Z"}
{"level":"info","message":"URL:http://www.generali.CG statusCode: 504","timestamp":"2016-03-15T07:13:55.516Z"}
{"level":"info","message":"URL:http://www.generali.CH statusCode: 200","timestamp":"2016-03-15T07:14:01.732Z"}
{"level":"info","message":"URL:http://www.generali.CHANEL statusCode: 200","timestamp":"2016-03-15T07:14:06.488Z"}
{"level":"info","message":"URL:http://www.generali.CHANNEL statusCode: 502","timestamp":"2016-03-15T07:14:06.538Z"}
{"level":"info","message":"URL:http://www.generali.CHASE statusCode: 502","timestamp":"2016-03-15T07:14:06.577Z"}
{"level":"info","message":"URL:http://www.generali.CHAT statusCode: 504","timestamp":"2016-03-15T07:14:06.772Z"}
{"level":"info","message":"URL:http://www.generali.CHEAP statusCode: 504","timestamp":"2016-03-15T07:14:07.054Z"}
{"level":"info","message":"URL:http://www.generali.CHLOE statusCode: 504","timestamp":"2016-03-15T07:14:07.427Z"}
{"level":"info","message":"URL:http://www.generali.CHRISTMAS statusCode: 504","timestamp":"2016-03-15T07:14:07.696Z"}
{"level":"info","message":"URL:http://www.generali.CHROME statusCode: 502","timestamp":"2016-03-15T07:14:07.736Z"}
{"level":"info","message":"URL:http://www.generali.CHURCH statusCode: 504","timestamp":"2016-03-15T07:14:08.163Z"}
{"level":"info","message":"URL:http://www.generali.CI statusCode: 504","timestamp":"2016-03-15T07:14:08.257Z"}
{"level":"info","message":"URL:http://www.generali.CIPRIANI statusCode: 504","timestamp":"2016-03-15T07:14:08.369Z"}
{"level":"info","message":"URL:http://www.generali.CIRCLE statusCode: 504","timestamp":"2016-03-15T07:14:08.488Z"}
{"level":"info","message":"URL:http://www.generali.CISCO statusCode: 504","timestamp":"2016-03-15T07:14:09.425Z"}
{"level":"info","message":"URL:http://www.generali.CITIC statusCode: 504","timestamp":"2016-03-15T07:14:09.593Z"}
{"level":"info","message":"URL:http://www.generali.CITY statusCode: 504","timestamp":"2016-03-15T07:14:09.705Z"}
{"level":"info","message":"URL:http://www.generali.CITYEATS statusCode: 504","timestamp":"2016-03-15T07:14:09.935Z"}
{"level":"info","message":"URL:http://www.generali.CK statusCode: 504","timestamp":"2016-03-15T07:14:10.428Z"}
{"level":"info","message":"URL:http://www.generali.CL statusCode: 504","timestamp":"2016-03-15T07:14:10.539Z"}
{"level":"info","message":"URL:http://www.generali.CLAIMS statusCode: 504","timestamp":"2016-03-15T07:14:10.755Z"}
{"level":"info","message":"URL:http://www.generali.CLEANING statusCode: 504","timestamp":"2016-03-15T07:14:10.949Z"}
{"level":"info","message":"URL:http://www.generali.CLICK statusCode: 504","timestamp":"2016-03-15T07:14:11.258Z"}
{"level":"info","message":"URL:http://www.generali.CLINIC statusCode: 504","timestamp":"2016-03-15T07:14:11.453Z"}
{"level":"info","message":"URL:http://www.generali.CLINIQUE statusCode: 502","timestamp":"2016-03-15T07:14:11.496Z"}
{"level":"info","message":"URL:http://www.generali.CLOTHING statusCode: 504","timestamp":"2016-03-15T07:14:11.697Z"}
{"level":"info","message":"URL:http://www.generali.CLOUD statusCode: 504","timestamp":"2016-03-15T07:14:11.883Z"}
{"level":"info","message":"URL:http://www.generali.CLUB statusCode: 200","timestamp":"2016-03-15T07:14:14.883Z"}
{"level":"info","message":"URL:http://www.generali.CLUBMED statusCode: 504","timestamp":"2016-03-15T07:14:14.987Z"}
{"level":"info","message":"URL:http://www.generali.CM statusCode: 504","timestamp":"2016-03-15T07:14:15.606Z"}
{"level":"info","message":"URL:http://www.generali.CN statusCode: 504","timestamp":"2016-03-15T07:14:15.892Z"}
{"level":"info","message":"URL:http://www.generali.CO statusCode: 200","timestamp":"2016-03-15T07:14:15.933Z"}
{"level":"info","message":"URL:http://www.generali.COACH statusCode: 504","timestamp":"2016-03-15T07:14:16.118Z"}
{"level":"info","message":"URL:http://www.generali.CODES statusCode: 504","timestamp":"2016-03-15T07:14:16.287Z"}
{"level":"info","message":"URL:http://www.generali.COFFEE statusCode: 504","timestamp":"2016-03-15T07:14:16.465Z"}
{"level":"info","message":"URL:http://www.generali.COLLEGE statusCode: 504","timestamp":"2016-03-15T07:14:16.651Z"}
{"level":"info","message":"URL:http://www.generali.COLOGNE statusCode: 504","timestamp":"2016-03-15T07:14:16.988Z"}
{"level":"info","message":"URL:http://www.generali.COM statusCode: 200","timestamp":"2016-03-15T07:14:34.272Z"}
{"level":"info","message":"URL:http://www.generali.COMMBANK statusCode: 504","timestamp":"2016-03-15T07:14:34.551Z"}
{"level":"info","message":"URL:http://www.generali.COMMUNITY statusCode: 504","timestamp":"2016-03-15T07:14:34.732Z"}
{"level":"info","message":"URL:http://www.generali.COMPANY statusCode: 504","timestamp":"2016-03-15T07:14:35.032Z"}
{"level":"info","message":"URL:http://www.generali.COMPARE statusCode: 502","timestamp":"2016-03-15T07:14:35.072Z"}
{"level":"info","message":"URL:http://www.generali.COMPUTER statusCode: 504","timestamp":"2016-03-15T07:14:35.407Z"}
{"level":"info","message":"URL:http://www.generali.COMSEC statusCode: 504","timestamp":"2016-03-15T07:14:35.518Z"}
{"level":"info","message":"URL:http://www.generali.CONDOS statusCode: 504","timestamp":"2016-03-15T07:14:35.837Z"}
{"level":"info","message":"URL:http://www.generali.CONSTRUCTION statusCode: 504","timestamp":"2016-03-15T07:14:36.229Z"}
{"level":"info","message":"URL:http://www.generali.CONSULTING statusCode: 504","timestamp":"2016-03-15T07:14:36.506Z"}
{"level":"info","message":"URL:http://www.generali.CONTACT statusCode: 502","timestamp":"2016-03-15T07:14:36.538Z"}
{"level":"info","message":"URL:http://www.generali.CONTRACTORS statusCode: 504","timestamp":"2016-03-15T07:14:37.212Z"}
{"level":"info","message":"URL:http://www.generali.COOKING statusCode: 504","timestamp":"2016-03-15T07:14:37.347Z"}
{"level":"info","message":"URL:http://www.generali.COOL statusCode: 504","timestamp":"2016-03-15T07:14:37.656Z"}
{"level":"info","message":"URL:http://www.generali.COOP statusCode: 504","timestamp":"2016-03-15T07:14:37.758Z"}
{"level":"info","message":"URL:http://www.generali.CORSICA statusCode: 504","timestamp":"2016-03-15T07:14:37.966Z"}
{"level":"info","message":"URL:http://www.generali.COUNTRY statusCode: 504","timestamp":"2016-03-15T07:14:39.262Z"}
{"level":"info","message":"URL:http://www.generali.COUPON statusCode: 502","timestamp":"2016-03-15T07:14:39.309Z"}
{"level":"info","message":"URL:http://www.generali.COUPONS statusCode: 504","timestamp":"2016-03-15T07:14:39.423Z"}
{"level":"info","message":"URL:http://www.generali.COURSES statusCode: 504","timestamp":"2016-03-15T07:14:39.623Z"}
{"level":"info","message":"URL:http://www.generali.CR statusCode: 504","timestamp":"2016-03-15T07:14:40.736Z"}
{"level":"info","message":"URL:http://www.generali.CREDIT statusCode: 504","timestamp":"2016-03-15T07:14:40.927Z"}
{"level":"info","message":"URL:http://www.generali.CREDITCARD statusCode: 504","timestamp":"2016-03-15T07:14:41.124Z"}
{"level":"info","message":"URL:http://www.generali.CREDITUNION statusCode: 502","timestamp":"2016-03-15T07:14:41.157Z"}
{"level":"info","message":"URL:http://www.generali.CRICKET statusCode: 504","timestamp":"2016-03-15T07:14:41.261Z"}
{"level":"info","message":"URL:http://www.generali.CROWN statusCode: 504","timestamp":"2016-03-15T07:14:41.432Z"}
{"level":"info","message":"URL:http://www.generali.CRS statusCode: 504","timestamp":"2016-03-15T07:14:41.570Z"}
{"level":"info","message":"URL:http://www.generali.CRUISES statusCode: 504","timestamp":"2016-03-15T07:14:41.761Z"}
{"level":"info","message":"URL:http://www.generali.CSC statusCode: 504","timestamp":"2016-03-15T07:14:41.871Z"}
{"level":"info","message":"URL:http://www.generali.CU statusCode: 504","timestamp":"2016-03-15T07:14:42.302Z"}
{"level":"info","message":"URL:http://www.generali.CUISINELLA statusCode: 504","timestamp":"2016-03-15T07:14:42.497Z"}
{"level":"info","message":"URL:http://www.generali.CV statusCode: 504","timestamp":"2016-03-15T07:14:42.917Z"}
{"level":"info","message":"URL:http://www.generali.CW statusCode: 504","timestamp":"2016-03-15T07:14:43.332Z"}
{"level":"info","message":"URL:http://www.generali.CX statusCode: 504","timestamp":"2016-03-15T07:14:43.447Z"}
{"level":"info","message":"URL:http://www.generali.CY statusCode: 504","timestamp":"2016-03-15T07:14:43.552Z"}
{"level":"info","message":"URL:http://www.generali.CYMRU statusCode: 504","timestamp":"2016-03-15T07:14:43.671Z"}
{"level":"info","message":"URL:http://www.generali.CYOU statusCode: 504","timestamp":"2016-03-15T07:14:44.294Z"}
{"level":"info","message":"URL:http://www.generali.CZ statusCode: 200","timestamp":"2016-03-15T07:14:49.768Z"}
{"level":"info","message":"URL:http://www.generali.DABUR statusCode: 504","timestamp":"2016-03-15T07:14:50.172Z"}
{"level":"info","message":"URL:http://www.generali.DAD statusCode: 502","timestamp":"2016-03-15T07:14:50.213Z"}
{"level":"info","message":"URL:http://www.generali.DANCE statusCode: 504","timestamp":"2016-03-15T07:14:50.410Z"}
{"level":"info","message":"URL:http://www.generali.DATE statusCode: 504","timestamp":"2016-03-15T07:14:50.514Z"}
{"level":"info","message":"URL:http://www.generali.DATING statusCode: 504","timestamp":"2016-03-15T07:14:50.698Z"}
{"level":"info","message":"URL:http://www.generali.DATSUN statusCode: 504","timestamp":"2016-03-15T07:14:51.062Z"}
{"level":"info","message":"URL:http://www.generali.DAY statusCode: 502","timestamp":"2016-03-15T07:14:51.116Z"}
{"level":"info","message":"URL:http://www.generali.DCLK statusCode: 502","timestamp":"2016-03-15T07:14:52.017Z"}
{"level":"info","message":"URL:http://www.generali.DE statusCode: 200","timestamp":"2016-03-15T07:15:48.739Z"}
{"level":"info","message":"URL:http://www.generali.DEALER statusCode: 502","timestamp":"2016-03-15T07:15:48.799Z"}
{"level":"info","message":"URL:http://www.generali.DEALS statusCode: 504","timestamp":"2016-03-15T07:15:48.977Z"}
{"level":"info","message":"URL:http://www.generali.DEGREE statusCode: 504","timestamp":"2016-03-15T07:15:49.315Z"}
{"level":"info","message":"URL:http://www.generali.DELIVERY statusCode: 504","timestamp":"2016-03-15T07:15:49.543Z"}
{"level":"info","message":"URL:http://www.generali.DELL statusCode: 504","timestamp":"2016-03-15T07:15:49.656Z"}
{"level":"info","message":"URL:http://www.generali.DELOITTE statusCode: 502","timestamp":"2016-03-15T07:15:49.706Z"}
{"level":"info","message":"URL:http://www.generali.DELTA statusCode: 504","timestamp":"2016-03-15T07:15:50.043Z"}
{"level":"info","message":"URL:http://www.generali.DEMOCRAT statusCode: 504","timestamp":"2016-03-15T07:15:50.506Z"}
{"level":"info","message":"URL:http://www.generali.DENTAL statusCode: 504","timestamp":"2016-03-15T07:15:50.708Z"}
{"level":"info","message":"URL:http://www.generali.DENTIST statusCode: 504","timestamp":"2016-03-15T07:15:50.889Z"}
{"level":"info","message":"URL:http://www.generali.DESI statusCode: 504","timestamp":"2016-03-15T07:15:51.004Z"}
{"level":"info","message":"URL:http://www.generali.DESIGN statusCode: 504","timestamp":"2016-03-15T07:15:51.144Z"}
{"level":"info","message":"URL:http://www.generali.DEV statusCode: 502","timestamp":"2016-03-15T07:15:51.174Z"}
{"level":"info","message":"URL:http://www.generali.DIAMONDS statusCode: 504","timestamp":"2016-03-15T07:15:51.459Z"}
{"level":"info","message":"URL:http://www.generali.DIET statusCode: 504","timestamp":"2016-03-15T07:15:51.832Z"}
{"level":"info","message":"URL:http://www.generali.DIGITAL statusCode: 504","timestamp":"2016-03-15T07:15:52.025Z"}
{"level":"info","message":"URL:http://www.generali.DIRECT statusCode: 504","timestamp":"2016-03-15T07:15:52.493Z"}
{"level":"info","message":"URL:http://www.generali.DIRECTORY statusCode: 504","timestamp":"2016-03-15T07:15:52.693Z"}
{"level":"info","message":"URL:http://www.generali.DISCOUNT statusCode: 504","timestamp":"2016-03-15T07:15:52.909Z"}
{"level":"info","message":"URL:http://www.generali.DJ statusCode: 504","timestamp":"2016-03-15T07:15:53.341Z"}
{"level":"info","message":"URL:http://www.generali.DK statusCode: 200","timestamp":"2016-03-15T07:15:53.805Z"}
{"level":"info","message":"URL:http://www.generali.DM statusCode: 504","timestamp":"2016-03-15T07:15:53.970Z"}
{"level":"info","message":"URL:http://www.generali.DNP statusCode: 504","timestamp":"2016-03-15T07:15:54.168Z"}
{"level":"info","message":"URL:http://www.generali.DO statusCode: 504","timestamp":"2016-03-15T07:15:54.810Z"}
{"level":"info","message":"URL:http://www.generali.DOCS statusCode: 502","timestamp":"2016-03-15T07:15:54.958Z"}
{"level":"info","message":"URL:http://www.generali.DOG statusCode: 504","timestamp":"2016-03-15T07:15:55.154Z"}
{"level":"info","message":"URL:http://www.generali.DOHA statusCode: 504","timestamp":"2016-03-15T07:15:55.354Z"}
{"level":"info","message":"URL:http://www.generali.DOMAINS statusCode: 504","timestamp":"2016-03-15T07:15:55.577Z"}
{"level":"info","message":"URL:http://www.generali.DOWNLOAD statusCode: 504","timestamp":"2016-03-15T07:15:55.696Z"}
{"level":"info","message":"URL:http://www.generali.DRIVE statusCode: 502","timestamp":"2016-03-15T07:15:55.724Z"}
{"level":"info","message":"URL:http://www.generali.DUBAI statusCode: 502","timestamp":"2016-03-15T07:15:55.758Z"}
{"level":"info","message":"URL:http://www.generali.DURBAN statusCode: 504","timestamp":"2016-03-15T07:15:55.854Z"}
{"level":"info","message":"URL:http://www.generali.DVAG statusCode: 504","timestamp":"2016-03-15T07:15:55.967Z"}
{"level":"info","message":"URL:http://www.generali.DZ statusCode: 504","timestamp":"2016-03-15T07:15:58.391Z"}
{"level":"info","message":"URL:http://www.generali.EARTH statusCode: 504","timestamp":"2016-03-15T07:15:59.020Z"}
{"level":"info","message":"URL:http://www.generali.EAT statusCode: 502","timestamp":"2016-03-15T07:15:59.142Z"}
{"level":"info","message":"URL:http://www.generali.EC statusCode: 504","timestamp":"2016-03-15T07:15:59.250Z"}
{"level":"info","message":"URL:http://www.generali.EDEKA statusCode: 502","timestamp":"2016-03-15T07:15:59.296Z"}
{"level":"info","message":"URL:http://www.generali.EDU statusCode: 504","timestamp":"2016-03-15T07:15:59.601Z"}
{"level":"info","message":"URL:http://www.generali.EDUCATION statusCode: 504","timestamp":"2016-03-15T07:15:59.813Z"}
{"level":"info","message":"URL:http://www.generali.EE statusCode: 504","timestamp":"2016-03-15T07:15:59.927Z"}
{"level":"info","message":"URL:http://www.generali.EG statusCode: 504","timestamp":"2016-03-15T07:16:00.188Z"}
{"level":"info","message":"URL:http://www.generali.EMAIL statusCode: 200","timestamp":"2016-03-15T07:16:01.777Z"}
{"level":"info","message":"URL:http://www.generali.EMERCK statusCode: 504","timestamp":"2016-03-15T07:16:01.909Z"}
{"level":"info","message":"URL:http://www.generali.ENERGY statusCode: 504","timestamp":"2016-03-15T07:16:02.104Z"}
{"level":"info","message":"URL:http://www.generali.ENGINEER statusCode: 504","timestamp":"2016-03-15T07:16:02.275Z"}
{"level":"info","message":"URL:http://www.generali.ENGINEERING statusCode: 504","timestamp":"2016-03-15T07:16:02.786Z"}
{"level":"info","message":"URL:http://www.generali.ENTERPRISES statusCode: 504","timestamp":"2016-03-15T07:16:03.332Z"}
{"level":"info","message":"URL:http://www.generali.EPSON statusCode: 504","timestamp":"2016-03-15T07:16:03.628Z"}
{"level":"info","message":"URL:http://www.generali.EQUIPMENT statusCode: 504","timestamp":"2016-03-15T07:16:03.829Z"}
{"level":"info","message":"URL:http://www.generali.ER statusCode: 504","timestamp":"2016-03-15T07:16:04.223Z"}
{"level":"info","message":"URL:http://www.generali.ERNI statusCode: 504","timestamp":"2016-03-15T07:16:04.654Z"}
{"level":"info","message":"URL:http://www.generali.ES statusCode: 200","timestamp":"2016-03-15T07:16:07.332Z"}
{"level":"info","message":"URL:http://www.generali.ESQ statusCode: 502","timestamp":"2016-03-15T07:16:07.360Z"}
{"level":"info","message":"URL:http://www.generali.ESTATE statusCode: 504","timestamp":"2016-03-15T07:16:07.537Z"}
{"level":"info","message":"URL:http://www.generali.ET statusCode: 504","timestamp":"2016-03-15T07:16:07.842Z"}
{"level":"info","message":"URL:http://www.generali.EU statusCode: 200","timestamp":"2016-03-15T07:16:07.880Z"}
{"level":"info","message":"URL:http://www.generali.EUROVISION statusCode: 504","timestamp":"2016-03-15T07:16:08.124Z"}
{"level":"info","message":"URL:http://www.generali.EUS statusCode: 504","timestamp":"2016-03-15T07:16:08.452Z"}
{"level":"info","message":"URL:http://www.generali.EVENTS statusCode: 504","timestamp":"2016-03-15T07:16:08.671Z"}
{"level":"info","message":"URL:http://www.generali.EVERBANK statusCode: 504","timestamp":"2016-03-15T07:16:08.778Z"}
{"level":"info","message":"URL:http://www.generali.EXCHANGE statusCode: 504","timestamp":"2016-03-15T07:16:09.075Z"}
{"level":"info","message":"URL:http://www.generali.EXPERT statusCode: 504","timestamp":"2016-03-15T07:16:09.855Z"}
{"level":"info","message":"URL:http://www.generali.EXPOSED statusCode: 504","timestamp":"2016-03-15T07:16:10.074Z"}
{"level":"info","message":"URL:http://www.generali.EXPRESS statusCode: 504","timestamp":"2016-03-15T07:16:10.297Z"}
{"level":"info","message":"URL:http://www.generali.FAGE statusCode: 504","timestamp":"2016-03-15T07:16:10.798Z"}
{"level":"info","message":"URL:http://www.generali.FAIL statusCode: 504","timestamp":"2016-03-15T07:16:11.036Z"}
{"level":"info","message":"URL:http://www.generali.FAIRWINDS statusCode: 504","timestamp":"2016-03-15T07:16:11.224Z"}
{"level":"info","message":"URL:http://www.generali.FAITH statusCode: 504","timestamp":"2016-03-15T07:16:11.334Z"}
{"level":"info","message":"URL:http://www.generali.FAMILY statusCode: 504","timestamp":"2016-03-15T07:16:11.522Z"}
{"level":"info","message":"URL:http://www.generali.FAN statusCode: 504","timestamp":"2016-03-15T07:16:11.816Z"}
{"level":"info","message":"URL:http://www.generali.FANS statusCode: 504","timestamp":"2016-03-15T07:16:11.917Z"}
{"level":"info","message":"URL:http://www.generali.FARM statusCode: 504","timestamp":"2016-03-15T07:16:12.314Z"}
{"level":"info","message":"URL:http://www.generali.FASHION statusCode: 504","timestamp":"2016-03-15T07:16:12.455Z"}
{"level":"info","message":"URL:http://www.generali.FAST statusCode: 504","timestamp":"2016-03-15T07:16:12.897Z"}
{"level":"info","message":"URL:http://www.generali.FEEDBACK statusCode: 504","timestamp":"2016-03-15T07:16:13.007Z"}
{"level":"info","message":"URL:http://www.generali.FERRERO statusCode: 504","timestamp":"2016-03-15T07:16:13.270Z"}
{"level":"info","message":"URL:http://www.generali.FI statusCode: 504","timestamp":"2016-03-15T07:16:13.491Z"}
{"level":"info","message":"URL:http://www.generali.FILM statusCode: 200","timestamp":"2016-03-15T07:16:34.714Z"}
{"level":"info","message":"URL:http://www.generali.FINAL statusCode: 504","timestamp":"2016-03-15T07:16:35.196Z"}
{"level":"info","message":"URL:http://www.generali.FINANCE statusCode: 504","timestamp":"2016-03-15T07:16:35.391Z"}
{"level":"info","message":"URL:http://www.generali.FINANCIAL statusCode: 504","timestamp":"2016-03-15T07:16:35.582Z"}
{"level":"info","message":"URL:http://www.generali.FIRESTONE statusCode: 502","timestamp":"2016-03-15T07:16:35.618Z"}
{"level":"info","message":"URL:http://www.generali.FIRMDALE statusCode: 502","timestamp":"2016-03-15T07:16:35.676Z"}
{"level":"info","message":"URL:http://www.generali.FISH statusCode: 504","timestamp":"2016-03-15T07:16:36.133Z"}
{"level":"info","message":"URL:http://www.generali.FISHING statusCode: 504","timestamp":"2016-03-15T07:16:37.983Z"}
{"level":"info","message":"URL:http://www.generali.FIT statusCode: 504","timestamp":"2016-03-15T07:16:38.160Z"}
{"level":"info","message":"URL:http://www.generali.FITNESS statusCode: 504","timestamp":"2016-03-15T07:16:38.322Z"}
{"level":"info","message":"URL:http://www.generali.FJ statusCode: 504","timestamp":"2016-03-15T07:16:38.668Z"}
{"level":"info","message":"URL:http://www.generali.FK statusCode: 504","timestamp":"2016-03-15T07:16:38.777Z"}
{"level":"info","message":"URL:http://www.generali.FLICKR statusCode: 502","timestamp":"2016-03-15T07:16:38.831Z"}
{"level":"info","message":"URL:http://www.generali.FLIGHTS statusCode: 504","timestamp":"2016-03-15T07:16:39.116Z"}
{"level":"info","message":"URL:http://www.generali.FLORIST statusCode: 504","timestamp":"2016-03-15T07:16:39.314Z"}
{"level":"info","message":"URL:http://www.generali.FLOWERS statusCode: 504","timestamp":"2016-03-15T07:16:39.637Z"}
{"level":"info","message":"URL:http://www.generali.FLSMIDTH statusCode: 504","timestamp":"2016-03-15T07:16:39.784Z"}
{"level":"info","message":"URL:http://www.generali.FLY statusCode: 502","timestamp":"2016-03-15T07:16:39.814Z"}
{"level":"info","message":"URL:http://www.generali.FM statusCode: 504","timestamp":"2016-03-15T07:16:39.923Z"}
{"level":"info","message":"URL:http://www.generali.FO statusCode: 504","timestamp":"2016-03-15T07:16:40.093Z"}
{"level":"info","message":"URL:http://www.generali.FOO statusCode: 504","timestamp":"2016-03-15T07:16:40.590Z"}
{"level":"info","message":"URL:http://www.generali.FOOTBALL statusCode: 504","timestamp":"2016-03-15T07:16:40.750Z"}
{"level":"info","message":"URL:http://www.generali.FORD statusCode: 502","timestamp":"2016-03-15T07:16:40.819Z"}
{"level":"info","message":"URL:http://www.generali.FOREX statusCode: 504","timestamp":"2016-03-15T07:16:41.016Z"}
{"level":"info","message":"URL:http://www.generali.FORSALE statusCode: 504","timestamp":"2016-03-15T07:16:41.668Z"}
{"level":"info","message":"URL:http://www.generali.FORUM statusCode: 504","timestamp":"2016-03-15T07:16:41.850Z"}
{"level":"info","message":"URL:http://www.generali.FOUNDATION statusCode: 504","timestamp":"2016-03-15T07:16:42.032Z"}
{"level":"info","message":"URL:http://www.generali.FOX statusCode: 502","timestamp":"2016-03-15T07:16:42.063Z"}
{"level":"info","message":"URL:http://www.generali.FR statusCode: 200","timestamp":"2016-03-15T07:16:44.287Z"}
{"level":"info","message":"URL:http://www.generali.FRESENIUS statusCode: 502","timestamp":"2016-03-15T07:16:44.333Z"}
{"level":"info","message":"URL:http://www.generali.FRL statusCode: 504","timestamp":"2016-03-15T07:16:45.030Z"}
{"level":"info","message":"URL:http://www.generali.FROGANS statusCode: 504","timestamp":"2016-03-15T07:16:45.149Z"}
{"level":"info","message":"URL:http://www.generali.FRONTIER statusCode: 502","timestamp":"2016-03-15T07:16:45.346Z"}
{"level":"info","message":"URL:http://www.generali.FUND statusCode: 504","timestamp":"2016-03-15T07:16:45.803Z"}
{"level":"info","message":"URL:http://www.generali.FURNITURE statusCode: 504","timestamp":"2016-03-15T07:16:45.990Z"}
{"level":"info","message":"URL:http://www.generali.FUTBOL statusCode: 504","timestamp":"2016-03-15T07:16:46.674Z"}
{"level":"info","message":"URL:http://www.generali.FYI statusCode: 504","timestamp":"2016-03-15T07:16:46.870Z"}
{"level":"info","message":"URL:http://www.generali.GA statusCode: 504","timestamp":"2016-03-15T07:16:47.170Z"}
{"level":"info","message":"URL:http://www.generali.GAL statusCode: 504","timestamp":"2016-03-15T07:16:47.535Z"}
{"level":"info","message":"URL:http://www.generali.GALLERY statusCode: 504","timestamp":"2016-03-15T07:16:47.828Z"}
{"level":"info","message":"URL:http://www.generali.GALLUP statusCode: 502","timestamp":"2016-03-15T07:16:47.878Z"}
{"level":"info","message":"URL:http://www.generali.GAME statusCode: 502","timestamp":"2016-03-15T07:16:47.918Z"}
{"level":"info","message":"URL:http://www.generali.GARDEN statusCode: 504","timestamp":"2016-03-15T07:16:48.138Z"}
{"level":"info","message":"URL:http://www.generali.GB statusCode: 504","timestamp":"2016-03-15T07:16:48.550Z"}
{"level":"info","message":"URL:http://www.generali.GBIZ statusCode: 502","timestamp":"2016-03-15T07:16:48.595Z"}
{"level":"info","message":"URL:http://www.generali.GD statusCode: 504","timestamp":"2016-03-15T07:16:48.703Z"}
{"level":"info","message":"URL:http://www.generali.GDN statusCode: 504","timestamp":"2016-03-15T07:16:48.793Z"}
{"level":"info","message":"URL:http://www.generali.GE statusCode: 504","timestamp":"2016-03-15T07:16:49.256Z"}
{"level":"info","message":"URL:http://www.generali.GEA statusCode: 504","timestamp":"2016-03-15T07:16:49.864Z"}
{"level":"info","message":"URL:http://www.generali.GENT statusCode: 504","timestamp":"2016-03-15T07:16:50.218Z"}
{"level":"info","message":"URL:http://www.generali.GENTING statusCode: 504","timestamp":"2016-03-15T07:16:50.330Z"}
{"level":"info","message":"URL:http://www.generali.GF statusCode: 502","timestamp":"2016-03-15T07:22:52.692Z"}
{"level":"info","message":"URL:http://www.generali.GGEE statusCode: 504","timestamp":"2016-03-15T07:22:54.293Z"}
{"level":"info","message":"URL:http://www.generali.GH statusCode: 504","timestamp":"2016-03-15T07:22:54.832Z"}
{"level":"info","message":"URL:http://www.generali.GI statusCode: 504","timestamp":"2016-03-15T07:22:54.958Z"}
{"level":"info","message":"URL:http://www.generali.GIFT statusCode: 504","timestamp":"2016-03-15T07:22:55.268Z"}
{"level":"info","message":"URL:http://www.generali.GIFTS statusCode: 504","timestamp":"2016-03-15T07:22:55.478Z"}
{"level":"info","message":"URL:http://www.generali.GIVES statusCode: 504","timestamp":"2016-03-15T07:22:55.576Z"}
{"level":"info","message":"URL:http://www.generali.GIVING statusCode: 504","timestamp":"2016-03-15T07:22:56.732Z"}
{"level":"info","message":"URL:http://www.generali.GL statusCode: 504","timestamp":"2016-03-15T07:22:58.612Z"}
{"level":"info","message":"URL:http://www.generali.GLASS statusCode: 504","timestamp":"2016-03-15T07:22:58.743Z"}
{"level":"info","message":"URL:http://www.generali.GLE statusCode: 502","timestamp":"2016-03-15T07:22:58.778Z"}
{"level":"info","message":"URL:http://www.generali.GLOBAL statusCode: 200","timestamp":"2016-03-15T07:22:59.275Z"}
{"level":"info","message":"URL:http://www.generali.GLOBO statusCode: 504","timestamp":"2016-03-15T07:22:59.732Z"}
{"level":"info","message":"URL:http://www.generali.GM statusCode: 504","timestamp":"2016-03-15T07:23:00.286Z"}
{"level":"info","message":"URL:http://www.generali.GMAIL statusCode: 504","timestamp":"2016-03-15T07:23:00.428Z"}
{"level":"info","message":"URL:http://www.generali.GMBH statusCode: 502","timestamp":"2016-03-15T07:23:00.464Z"}
{"level":"info","message":"URL:http://www.generali.GMO statusCode: 504","timestamp":"2016-03-15T07:23:00.661Z"}
{"level":"info","message":"URL:http://www.generali.GMX statusCode: 504","timestamp":"2016-03-15T07:23:01.107Z"}
{"level":"info","message":"URL:http://www.generali.GN statusCode: 504","timestamp":"2016-03-15T07:23:01.363Z"}
{"level":"info","message":"URL:http://www.generali.GOLD statusCode: 504","timestamp":"2016-03-15T07:23:01.562Z"}
{"level":"info","message":"URL:http://www.generali.GOLDPOINT statusCode: 504","timestamp":"2016-03-15T07:23:01.953Z"}
{"level":"info","message":"URL:http://www.generali.GOLF statusCode: 504","timestamp":"2016-03-15T07:23:02.146Z"}
{"level":"info","message":"URL:http://www.generali.GOO statusCode: 504","timestamp":"2016-03-15T07:23:02.434Z"}
{"level":"info","message":"URL:http://www.generali.GOOG statusCode: 502","timestamp":"2016-03-15T07:23:02.462Z"}
{"level":"info","message":"URL:http://www.generali.GOOGLE statusCode: 504","timestamp":"2016-03-15T07:23:02.576Z"}
{"level":"info","message":"URL:http://www.generali.GOP statusCode: 504","timestamp":"2016-03-15T07:23:02.682Z"}
{"level":"info","message":"URL:http://www.generali.GOT statusCode: 504","timestamp":"2016-03-15T07:23:02.813Z"}
{"level":"info","message":"URL:http://www.generali.GOV statusCode: 504","timestamp":"2016-03-15T07:23:02.929Z"}
